
ASEM-51 V1.3                                         Copyright (c) 2002 by W.W. Heinz                                         PAGE 1





       MCS-51 Family Macro Assembler   A S E M - 5 1   V 1.3
       =====================================================



	Source File:	D:\Syahrul Maghrisya\Teknik Elektro\Semester 5\Praktikum Sistem Mikroprosesor\Syahrul.asm
	Object File:	D:\Syahrul Maghrisya\Teknik Elektro\Semester 5\Praktikum Sistem Mikroprosesor\Syahrul.hex
	List File:	D:\Syahrul Maghrisya\Teknik Elektro\Semester 5\Praktikum Sistem Mikroprosesor\Syahrul.lst



 Line  I  Addr  Code            Source

    1:		N      0000	ORG 00H    ;STARTING ADDRESS
    2:
    3:	  0000			AGAIN:                     ; AGAIN SUBROUTINE
    4:	  0000	D2 A0			SETB P2.0        ; TURN LED OFF
    5:	  0002	11 12		        ACALL DELAY  ; CALL DELAY
    6:	  0004	C2 A0		        CLR P2.0          ; TURN LED ON
    7:	  0006	11 12		        ACALL DELAY  ; CALL DELAY
    8:	  0008	D2 A1			SETB P2.1        ; TURN LED OFF
    9:	  000A	11 12		        ACALL DELAY  ; CALL DELAY
   10:	  000C	C2 A1		        CLR P2.1          ; TURN LED ON
   11:	  000E	11 12		        ACALL DELAY  ; CALL DELAY
   12:	  0010	80 EE		        SJMP AGAIN    ; DO CONTINUESLY
   13:
   14:	  0012			        DELAY:            ; NORMAL DELAY TO BLINK LED
   15:	  0012	78 08		        	MOV R0,#8H
   16:	  0014	79 FF		        HERE3:	MOV R1,#0FFH
   17:	  0016	7A FF		        HERE2:	MOV R2,#0FFH
   18:	  0018	DA FE		        HERE:	DJNZ R2, HERE
   19:	  001A	D9 FA				DJNZ R1, HERE2
   20:	  001C	D8 F6		 		DJNZ R0, HERE3
   21:	  001E	22		   		RET
   22:						END





                     register banks used:  ---

                     no errors




ASEM-51 V1.3                                         Copyright (c) 2002 by W.W. Heinz                                         PAGE 2





	       L I S T   O F   S Y M B O L S
	       =============================


SYMBOL				  TYPE     VALUE	LINE
------------------------------------------------------------
??ASEM_51			  NUMBER    8051
??VERSION			  NUMBER    0130
AC				  BIT	      D6
ACC				  DATA	      E0
AGAIN				  CODE	    0000	   3
B				  DATA	      F0
CY				  BIT	      D7
DELAY				  CODE	    0012	  14
DPH				  DATA	      83
DPL				  DATA	      82
EA				  BIT	      AF
ES				  BIT	      AC
ET0				  BIT	      A9
ET1				  BIT	      AB
EX0				  BIT	      A8
EX1				  BIT	      AA
EXTI0				  CODE	    0003
EXTI1				  CODE	    0013
F0				  BIT	      D5
HERE				  CODE	    0018	  18
HERE2				  CODE	    0016	  17
HERE3				  CODE	    0014	  16
IE				  DATA	      A8
IE0				  BIT	      89
IE1				  BIT	      8B
INT0				  BIT	      B2
INT1				  BIT	      B3
IP				  DATA	      B8
IT0				  BIT	      88
IT1				  BIT	      8A
OV				  BIT	      D2
P				  BIT	      D0
P0				  DATA	      80
P1				  DATA	      90
P2				  DATA	      A0
P3				  DATA	      B0
PCON				  DATA	      87
PS				  BIT	      BC
PSW				  DATA	      D0
PT0				  BIT	      B9
PT1				  BIT	      BB
PX0				  BIT	      B8
PX1				  BIT	      BA
RB8				  BIT	      9A
RD				  BIT	      B7
REN				  BIT	      9C
RESET				  CODE	    0000
RI				  BIT	      98
RS0				  BIT	      D3
RS1				  BIT	      D4

ASEM-51 V1.3                                         Copyright (c) 2002 by W.W. Heinz                                         PAGE 3



SYMBOL				  TYPE     VALUE	LINE
------------------------------------------------------------
RXD				  BIT	      B0
SBUF				  DATA	      99
SCON				  DATA	      98
SINT				  CODE	    0023
SM0				  BIT	      9F
SM1				  BIT	      9E
SM2				  BIT	      9D
SP				  DATA	      81
T0				  BIT	      B4
T1				  BIT	      B5
TB8				  BIT	      9B
TCON				  DATA	      88
TF0				  BIT	      8D
TF1				  BIT	      8F
TH0				  DATA	      8C
TH1				  DATA	      8D
TI				  BIT	      99
TIMER0				  CODE	    000B
TIMER1				  CODE	    001B
TL0				  DATA	      8A
TL1				  DATA	      8B
TMOD				  DATA	      89
TR0				  BIT	      8C
TR1				  BIT	      8E
TXD				  BIT	      B1
WR				  BIT	      B6
